\BOOKMARK [1][-]{section.1}{Pr\351liminaires}{}% 1
\BOOKMARK [1][-]{section.2}{Les probl\350mes plans de la d\351termination de 0mu mumu CCCDP}{}% 2
\BOOKMARK [2][-]{subsection.2.1}{Essai 1 - D\351termination de A}{section.2}% 3
\BOOKMARK [2][-]{subsection.2.2}{Essai 2 - D\351termination de C}{section.2}% 4
\BOOKMARK [2][-]{subsection.2.3}{Essai 3 - D\351termination de B}{section.2}% 5
\BOOKMARK [2][-]{subsection.2.4}{Essai 4 - D\351termination de D}{section.2}% 6
\BOOKMARK [1][-]{section.3}{D\351termination num\351rique des composantes de 0mu mumu CCCDP}{}% 7
\BOOKMARK [2][-]{subsection.3.1}{G\351om\351trie}{section.3}% 8
\BOOKMARK [2][-]{subsection.3.2}{Propri\351t\351s}{section.3}% 9
\BOOKMARK [2][-]{subsection.3.3}{Conditions aux limites}{section.3}% 10
\BOOKMARK [2][-]{subsection.3.4}{Maillage}{section.3}% 11
\BOOKMARK [2][-]{subsection.3.5}{R\351sultats de la mod\351lisation}{section.3}% 12
\BOOKMARK [1][-]{section.4}{Estimation th\351orique de 0mu mumu CCCDP}{}% 13
\BOOKMARK [2][-]{subsection.4.1}{Essai 1}{section.4}% 14
\BOOKMARK [2][-]{subsection.4.2}{Essai 2}{section.4}% 15
\BOOKMARK [2][-]{subsection.4.3}{Essai 3}{section.4}% 16
\BOOKMARK [2][-]{subsection.4.4}{Essai 4}{section.4}% 17
\BOOKMARK [3][-]{subsubsection.4.4.1}{fa\347on 1}{subsection.4.4}% 18
\BOOKMARK [3][-]{subsubsection.4.4.2}{fa\347on 2}{subsection.4.4}% 19
\BOOKMARK [1][-]{section.5}{Comparaison et synth\350se}{}% 20
\BOOKMARK [1][-]{section.6}{Annexe}{}% 21
